2021-11-18 16:46:44.044 - [ INFO ]  选择开票客户
2021-11-18 16:46:44.044 - [ INFO ]  检查客户地址是否为空
2021-11-18 16:46:44.044 - [ INFO ]  检查客户电话是否为空
2021-11-18 16:46:44.044 - [ INFO ]  检查下单人是否为空
2021-11-18 16:46:44.044 - [ INFO ]  检查组别是否为空
2021-11-18 16:46:44.044 - [ INFO ]  检查营业是否为空
2021-11-18 16:46:44.044 - [ INFO ]  检查订单日期是否是今天
2021-11-18 16:46:44.044 - [ INFO ]  点击新增细表
2021-11-18 16:46:44.044 - [ INFO ]  添加色号
2021-11-18 16:46:44.044 - [ INFO ]  添加数量
2021-11-18 16:46:44.044 - [ INFO ]  添加单价
2021-11-18 16:46:44.044 - [ INFO ]  速递方式
2021-11-18 16:46:44.044 - [ INFO ]  送货结束
2021-11-18 16:46:44.044 - [ INFO ]  添加单价
2021-11-18 16:46:51.051 - [ INFO ]  登录CPC系统
2021-11-18 16:46:51.051 - [ INFO ]  打开左侧菜单
2021-11-18 16:46:51.051 - [ INFO ]  打开产品仓系统
2021-11-18 16:46:52.052 - [ INFO ]  打开销售合同
2021-11-18 16:46:52.052 - [ INFO ]  打开销售合同录入
2021-11-18 16:47:01.001 - [ INFO ]  验证自动生成了合同日期
2021-11-18 16:47:02.002 - [ INFO ]  勾选中性包装
2021-11-18 16:47:02.002 - [ INFO ]  验证是否勾选成功
2021-11-18 16:47:02.002 - [ INFO ]  勾选过验针机
2021-11-18 16:47:02.002 - [ INFO ]  验证是否勾选成功
2021-11-18 16:47:02.002 - [ INFO ]  勾选含运费
2021-11-18 16:47:02.002 - [ INFO ]  验证是否勾选成功
2021-11-18 16:47:02.002 - [ INFO ]  勾选货毛价
2021-11-18 16:47:02.002 - [ INFO ]  验证是否勾选成功
2021-11-18 16:47:02.002 - [ INFO ]  勾选免收款
2021-11-18 16:47:02.002 - [ INFO ]  验证是否勾选成功
2021-11-18 16:47:03.003 - [ INFO ]  勾选等通知并线
2021-11-18 16:47:03.003 - [ INFO ]  验证是否勾选成功
2021-11-18 16:47:03.003 - [ INFO ]  勾选等通知生产
2021-11-18 16:47:03.003 - [ INFO ]  验证是否勾选成功
2021-11-18 16:47:03.003 - [ INFO ]  勾选客人色排纺
2021-11-18 16:47:03.003 - [ INFO ]  验证是否勾选成功
2021-11-18 16:47:03.003 - [ INFO ]  勾选不统计
2021-11-18 16:47:03.003 - [ INFO ]  验证是否勾选成功
2021-11-18 16:47:03.003 - [ INFO ]  取消勾选等通知生产
2021-11-18 16:47:03.003 - [ INFO ]  验证是否勾选成功
2021-11-18 16:47:03.003 - [ INFO ]  取消勾选等通知生产
2021-11-18 16:47:03.003 - [ INFO ]  验证是否勾选成功
2021-11-18 16:47:04.004 - [ INFO ]  勾选客人色排纺
2021-11-18 16:47:04.004 - [ INFO ]  验证是否勾选成功
2021-11-18 16:47:04.004 - [ INFO ]  选择年份
2021-11-18 16:47:04.004 - [ INFO ]  比较选择或输入的数据:2022和表格中的内容:2022
2021-11-18 16:47:04.004 - [ INFO ]  选择季度
2021-11-18 16:47:05.005 - [ INFO ]  比较选择或输入的数据:Spring/Summer和表格中的内容:Spring/Summer
2021-11-18 16:47:05.005 - [ INFO ]  选择误差率
2021-11-18 16:47:05.005 - [ INFO ]  比较选择或输入的数据:0.05和表格中的内容:0.05
2021-11-18 16:47:06.006 - [ INFO ]  输入目的港
2021-11-18 16:47:06.006 - [ INFO ]  比较选择或输入的数据:DESHARBOR-test和表格中的内容:DESHARBOR-test
2021-11-18 16:47:06.006 - [ INFO ]  选择主表状态
2021-11-18 16:47:08.008 - [ INFO ]  比较选择或输入的数据:在用(U)和表格中的内容:在用(U)
2021-11-18 16:47:08.008 - [ INFO ]  选择贸易方式
2021-11-18 16:47:10.010 - [ INFO ]  比较选择或输入的数据:外销(H)和表格中的内容:外销(H)
2021-11-18 16:47:10.010 - [ INFO ]  选择贸易条款
2021-11-18 16:47:10.010 - [ INFO ]  比较选择或输入的数据:FOB China 中国和表格中的内容:FOB China 中国
2021-11-18 16:47:10.010 - [ INFO ]  选择交货方式
2021-11-18 16:47:11.011 - [ INFO ]  比较选择或输入的数据:空運 by air和表格中的内容:空運 by air
2021-11-18 16:47:11.011 - [ INFO ]  选择付款方式
2021-11-18 16:47:11.011 - [ INFO ]  比较选择或输入的数据:30D和表格中的内容:30D
2021-11-18 16:47:11.011 - [ INFO ]  选择订单类型
2021-11-18 16:47:12.012 - [ INFO ]  比较选择或输入的数据:Bulk和表格中的内容:Bulk
2021-11-18 16:47:12.012 - [ INFO ]  选择出货类型
2021-11-18 16:47:12.012 - [ INFO ]  比较选择或输入的数据:等通知出货和表格中的内容:等通知出货
2021-11-18 16:47:12.012 - [ INFO ]  选择认证
2021-11-18 16:47:18.018 - [ INFO ]  选择免收款用途
2021-11-18 16:47:18.018 - [ INFO ]  比较选择或输入的数据:UPW纱展和表格中的内容:UPW纱展
2021-11-18 16:47:18.018 - [ INFO ]  填入免收款备注
2021-11-18 16:47:19.019 - [ INFO ]  比较选择或输入的数据:Free-test和表格中的内容:Free-test
2021-11-18 16:47:19.019 - [ INFO ]  输入送货单标注
2021-11-18 16:47:20.020 - [ INFO ]  比较选择或输入的数据:Deliv-test和表格中的内容:Deliv-test
2021-11-18 16:47:20.020 - [ INFO ]  输入备注
2021-11-18 16:47:20.020 - [ INFO ]  比较选择或输入的数据:MainMark-test和表格中的内容:MainMark-test
2021-11-18 16:47:20.020 - [ INFO ]  输入单价备注
2021-11-18 16:47:21.021 - [ INFO ]  比较选择或输入的数据:uprice-test和表格中的内容:uprice-test
2021-11-18 16:47:21.021 - [ INFO ]  输入开发者编号
2021-11-18 16:47:22.022 - [ INFO ]  比较选择或输入的数据:uprice-test和表格中的内容:uprice-test
2021-11-18 16:47:22.022 - [ INFO ]  填写客户单号
2021-11-18 16:47:23.023 - [ INFO ]  比较选择或输入的数据:Test:1637225242331和表格中的内容:Test:1637225242331
2021-11-18 16:47:23.023 - [ INFO ]  验证单号类别不为空
2021-11-18 16:47:23.023 - [ INFO ]  输入下单客户
2021-11-18 16:47:25.025 - [ INFO ]  比较选择或输入的数据:东莞升丽针织有限公司和表格中的内容:东莞升丽针织有限公司
2021-11-18 16:47:25.025 - [ INFO ]  选择单号类别
2021-11-18 16:47:26.026 - [ INFO ]  比较选择或输入的数据:Commission spinning和表格中的内容:Commission spinning
2021-11-18 16:47:26.026 - [ INFO ]  填入SO.NO
2021-11-18 16:47:26.026 - [ INFO ]  比较选择或输入的数据:sono test和表格中的内容:sono test
2021-11-18 16:47:26.026 - [ INFO ]  选择联系人
2021-11-18 16:47:32.032 - [ INFO ]  删除联系人
2021-11-18 16:47:32.032 - [ INFO ]  比较选择或输入的数据:和表格中的内容:
2021-11-18 16:47:32.032 - [ INFO ]  输入联系人
2021-11-18 16:47:33.033 - [ INFO ]  比较选择或输入的数据:Berry test和表格中的内容:Berry test
2021-11-18 16:47:33.033 - [ INFO ]  输入客户传真
2021-11-18 16:47:33.033 - [ INFO ]  比较选择或输入的数据:07968888和表格中的内容:07968888
2021-11-18 16:47:33.033 - [ INFO ]  填写订单日期
2021-11-18 16:47:34.034 - [ INFO ]  填写船期
